<?xml version="1.0" encoding="UTF-8"?>
<!-- Generated by org.testng.reporters.JUnitXMLReporter -->
<testsuite ignored="0" hostname="kemas" failures="1" tests="8" name="Test" time="0.139" errors="0" timestamp="2021-11-27T21:19:06 IST">
  <testcase classname="sample.Annotation_All_Example" name="testAnnotation_All_Example" time="0.007"/>
  <testcase classname="sample.Assert_Equal_Example" name="testBeforeclass_Example" time="0.005">
    <failure type="java.lang.AssertionError" message="expected [Welcome Naga] but found [Welcome Raju]">
      <![CDATA[java.lang.AssertionError: expected [Welcome Naga] but found [Welcome Raju]
at sample.Assert_Equal_Example.testBeforeclass_Example(Assert_Equal_Example.java:16)
at java.base/java.util.ArrayList.forEach(ArrayList.java:1511)
... Removed 33 stack frames]]>
    </failure>
  </testcase> <!-- testBeforeclass_Example -->
  <testcase classname="sample.Assert_True_Example" name="testBeforeclass_Example" time="0.002"/>
  <testcase classname="sample.Beforeclass_Example" name="testBeforeMethod_Example1" time="0.002"/>
  <testcase classname="sample.Beforeclass_Example" name="testBeforeclass_Example" time="0.003"/>
  <testcase classname="sample.BeforeMethod_Example" name="testBeforeMethod_Example" time="0.006"/>
  <testcase classname="sample.BeforeMethod_Example2" name="testBeforeMethod_Example1" time="0.003"/>
  <testcase classname="sample.BeforeMethod_Example2" name="testBeforeMethod_Example2" time="0.002"/>
</testsuite> <!-- Test -->
